2019-09-14 19:26:07 [127.0.0.1][-][-][error][yii\web\HttpException:404] yii\web\NotFoundHttpException: Page not found. in C:\OSPanel\domains\smart-satu.test\vendor\yiisoft\yii2\web\Request.php:284
Stack trace:
#0 C:\OSPanel\domains\smart-satu.test\vendor\yiisoft\yii2\web\Application.php(82): yii\web\Request->resolve()
#1 C:\OSPanel\domains\smart-satu.test\vendor\yiisoft\yii2\base\Application.php(386): yii\web\Application->handleRequest(Object(yii\web\Request))
#2 C:\OSPanel\domains\smart-satu.test\api\index.php(13): yii\base\Application->run()
#3 {main}
2019-09-14 19:26:07 [127.0.0.1][-][-][info][application] $_GET = []

$_POST = []

$_FILES = []

$_COOKIE = [
    'PHPSESSID' => '3jbbv0ns3qcmste2t3vmqbfhpovk8n49'
    '_csrf' => 'd7bea6904c62de15f1ca378a390ac2f3be2ba448d4aa858ddc85bbdd944a1a35a:2:{i:0;s:5:\"_csrf\";i:1;s:32:\"ZTqYFss_oiOdeJn10sC7VURPH3YvePMp\";}'
]

$_SERVER = [
    'REDIRECT_STATUS' => '200'
    'HTTP_HOST' => 'smart-satu.test'
    'HTTP_CONNECTION' => 'keep-alive'
    'HTTP_CACHE_CONTROL' => 'max-age=0'
    'HTTP_UPGRADE_INSECURE_REQUESTS' => '1'
    'HTTP_USER_AGENT' => 'Mozilla/5.0 (Windows NT 10.0; Win64; x64) AppleWebKit/537.36 (KHTML, like Gecko) Chrome/76.0.3809.132 Safari/537.36'
    'HTTP_ACCEPT' => 'text/html,application/xhtml+xml,application/xml;q=0.9,image/webp,image/apng,*/*;q=0.8,application/signed-exchange;v=b3'
    'HTTP_ACCEPT_ENCODING' => 'gzip, deflate'
    'HTTP_ACCEPT_LANGUAGE' => 'ru-RU,ru;q=0.9,en-US;q=0.8,en;q=0.7,und;q=0.6,uk;q=0.5'
    'HTTP_COOKIE' => 'PHPSESSID=3jbbv0ns3qcmste2t3vmqbfhpovk8n49; _csrf=d7bea6904c62de15f1ca378a390ac2f3be2ba448d4aa858ddc85bbdd944a1a35a%3A2%3A%7Bi%3A0%3Bs%3A5%3A%22_csrf%22%3Bi%3A1%3Bs%3A32%3A%22ZTqYFss_oiOdeJn10sC7VURPH3YvePMp%22%3B%7D'
    'PATH' => 'c:\\ospanel\\modules\\php\\PHP-7.2\\ext;c:\\ospanel\\modules\\php\\PHP-7.2\\pear;c:\\ospanel\\modules\\php\\PHP-7.2\\pear\\bin;c:\\ospanel\\modules\\php\\PHP-7.2;c:\\ospanel\\modules\\imagemagick;c:\\ospanel\\modules\\wget\\bin;c:\\ospanel\\modules\\database\\MySQL-5.6\\bin;c:\\ospanel\\modules\\http\\Apache-PHP-7\\bin;c:\\ospanel\\modules\\http\\Apache-PHP-7;C:\\WINDOWS\\system32;C:\\WINDOWS;C:\\WINDOWS\\system32\\Wbem;C:\\WINDOWS\\SysWOW64'
    'SystemRoot' => 'C:\\WINDOWS'
    'COMSPEC' => 'C:\\WINDOWS\\system32\\cmd.exe'
    'PATHEXT' => '.COM;.EXE;.BAT;.CMD;.VBS;.VBE;.JS;.JSE;.WSF;.WSH;.MSC'
    'WINDIR' => 'C:\\WINDOWS'
    'SERVER_SIGNATURE' => ''
    'SERVER_SOFTWARE' => 'Apache'
    'SERVER_NAME' => 'smart-satu.test'
    'SERVER_ADDR' => '127.0.0.1'
    'SERVER_PORT' => '80'
    'REMOTE_ADDR' => '127.0.0.1'
    'DOCUMENT_ROOT' => 'C:/OSPanel/domains/smart-satu.test'
    'REQUEST_SCHEME' => 'http'
    'CONTEXT_PREFIX' => ''
    'CONTEXT_DOCUMENT_ROOT' => 'C:/OSPanel/domains/smart-satu.test'
    'SERVER_ADMIN' => '[no address given]'
    'SCRIPT_FILENAME' => 'C:/OSPanel/domains/smart-satu.test/api/index.php'
    'REMOTE_PORT' => '6903'
    'REDIRECT_URL' => '/api/v1/orders'
    'GATEWAY_INTERFACE' => 'CGI/1.1'
    'SERVER_PROTOCOL' => 'HTTP/1.1'
    'REQUEST_METHOD' => 'GET'
    'QUERY_STRING' => ''
    'REQUEST_URI' => '/api/v1/orders'
    'SCRIPT_NAME' => '/api/index.php'
    'PHP_SELF' => '/api/index.php'
    'REQUEST_TIME_FLOAT' => 1568478367.401
    'REQUEST_TIME' => 1568478367
    'argv' => []
    'argc' => 0
]
2019-09-14 19:26:08 [127.0.0.1][-][-][error][yii\web\HttpException:404] yii\web\NotFoundHttpException: Page not found. in C:\OSPanel\domains\smart-satu.test\vendor\yiisoft\yii2\web\Request.php:284
Stack trace:
#0 C:\OSPanel\domains\smart-satu.test\vendor\yiisoft\yii2\web\Application.php(82): yii\web\Request->resolve()
#1 C:\OSPanel\domains\smart-satu.test\vendor\yiisoft\yii2\base\Application.php(386): yii\web\Application->handleRequest(Object(yii\web\Request))
#2 C:\OSPanel\domains\smart-satu.test\api\index.php(13): yii\base\Application->run()
#3 {main}
2019-09-14 19:26:08 [127.0.0.1][-][-][info][application] $_GET = []

$_POST = []

$_FILES = []

$_COOKIE = [
    'PHPSESSID' => '3jbbv0ns3qcmste2t3vmqbfhpovk8n49'
    '_csrf' => 'd7bea6904c62de15f1ca378a390ac2f3be2ba448d4aa858ddc85bbdd944a1a35a:2:{i:0;s:5:\"_csrf\";i:1;s:32:\"ZTqYFss_oiOdeJn10sC7VURPH3YvePMp\";}'
]

$_SERVER = [
    'REDIRECT_STATUS' => '200'
    'HTTP_HOST' => 'smart-satu.test'
    'HTTP_CONNECTION' => 'keep-alive'
    'HTTP_CACHE_CONTROL' => 'max-age=0'
    'HTTP_UPGRADE_INSECURE_REQUESTS' => '1'
    'HTTP_USER_AGENT' => 'Mozilla/5.0 (Windows NT 10.0; Win64; x64) AppleWebKit/537.36 (KHTML, like Gecko) Chrome/76.0.3809.132 Safari/537.36'
    'HTTP_ACCEPT' => 'text/html,application/xhtml+xml,application/xml;q=0.9,image/webp,image/apng,*/*;q=0.8,application/signed-exchange;v=b3'
    'HTTP_ACCEPT_ENCODING' => 'gzip, deflate'
    'HTTP_ACCEPT_LANGUAGE' => 'ru-RU,ru;q=0.9,en-US;q=0.8,en;q=0.7,und;q=0.6,uk;q=0.5'
    'HTTP_COOKIE' => 'PHPSESSID=3jbbv0ns3qcmste2t3vmqbfhpovk8n49; _csrf=d7bea6904c62de15f1ca378a390ac2f3be2ba448d4aa858ddc85bbdd944a1a35a%3A2%3A%7Bi%3A0%3Bs%3A5%3A%22_csrf%22%3Bi%3A1%3Bs%3A32%3A%22ZTqYFss_oiOdeJn10sC7VURPH3YvePMp%22%3B%7D'
    'PATH' => 'c:\\ospanel\\modules\\php\\PHP-7.2\\ext;c:\\ospanel\\modules\\php\\PHP-7.2\\pear;c:\\ospanel\\modules\\php\\PHP-7.2\\pear\\bin;c:\\ospanel\\modules\\php\\PHP-7.2;c:\\ospanel\\modules\\imagemagick;c:\\ospanel\\modules\\wget\\bin;c:\\ospanel\\modules\\database\\MySQL-5.6\\bin;c:\\ospanel\\modules\\http\\Apache-PHP-7\\bin;c:\\ospanel\\modules\\http\\Apache-PHP-7;C:\\WINDOWS\\system32;C:\\WINDOWS;C:\\WINDOWS\\system32\\Wbem;C:\\WINDOWS\\SysWOW64'
    'SystemRoot' => 'C:\\WINDOWS'
    'COMSPEC' => 'C:\\WINDOWS\\system32\\cmd.exe'
    'PATHEXT' => '.COM;.EXE;.BAT;.CMD;.VBS;.VBE;.JS;.JSE;.WSF;.WSH;.MSC'
    'WINDIR' => 'C:\\WINDOWS'
    'SERVER_SIGNATURE' => ''
    'SERVER_SOFTWARE' => 'Apache'
    'SERVER_NAME' => 'smart-satu.test'
    'SERVER_ADDR' => '127.0.0.1'
    'SERVER_PORT' => '80'
    'REMOTE_ADDR' => '127.0.0.1'
    'DOCUMENT_ROOT' => 'C:/OSPanel/domains/smart-satu.test'
    'REQUEST_SCHEME' => 'http'
    'CONTEXT_PREFIX' => ''
    'CONTEXT_DOCUMENT_ROOT' => 'C:/OSPanel/domains/smart-satu.test'
    'SERVER_ADMIN' => '[no address given]'
    'SCRIPT_FILENAME' => 'C:/OSPanel/domains/smart-satu.test/api/index.php'
    'REMOTE_PORT' => '6903'
    'REDIRECT_URL' => '/api/v1/orders'
    'GATEWAY_INTERFACE' => 'CGI/1.1'
    'SERVER_PROTOCOL' => 'HTTP/1.1'
    'REQUEST_METHOD' => 'GET'
    'QUERY_STRING' => ''
    'REQUEST_URI' => '/api/v1/orders'
    'SCRIPT_NAME' => '/api/index.php'
    'PHP_SELF' => '/api/index.php'
    'REQUEST_TIME_FLOAT' => 1568478368.515
    'REQUEST_TIME' => 1568478368
    'argv' => []
    'argc' => 0
]
